app/build/intermediates/manifest_merge_blame_file/release/manifest-merger-blame-release-report.txt
1<?xml version="1.0" encoding="utf-8"?>
2<manifest xmlns:android="http://schemas.android.com/apk/res/android"
3    package="com.penpendev.pair"
4    android:versionCode="1"
5    android:versionName="1.0.0" >
6
7    <uses-sdk
8        android:minSdkVersion="21"
8-->src\main\AndroidManifest.xml
9        android:targetSdkVersion="29" />
9-->src\main\AndroidManifest.xml
10
11    <!-- To access Google+ APIs: -->
12    <application
12-->src\main\AndroidManifest.xml:5:5-29:19
13        android:name="com.penpendev.pair.GetApplication"
13-->src\main\AndroidManifest.xml:6:9-39
14        android:allowBackup="true"
14-->src\main\AndroidManifest.xml:7:9-35
15        android:appComponentFactory="androidx.core.app.CoreComponentFactory"
15-->[androidx.core:core:1.1.0-rc01] AndroidManifest.xml:24:18-86
16        android:gravity="center"
16-->src\main\AndroidManifest.xml:8:9-33
17        android:icon="@mipmap/ic_launcher"
17-->src\main\AndroidManifest.xml:9:9-43
18        android:label="@string/app_name"
18-->src\main\AndroidManifest.xml:10:9-41
19        android:roundIcon="@mipmap/ic_launcher_round"
19-->src\main\AndroidManifest.xml:11:9-54
20        android:supportsRtl="true"
20-->src\main\AndroidManifest.xml:12:9-35
21        android:theme="@style/AppTheme" >
21-->src\main\AndroidManifest.xml:13:9-40
22        <activity
22-->src\main\AndroidManifest.xml:16:9-28:20
23            android:name="com.penpendev.pair.MainActivity"
23-->src\main\AndroidManifest.xml:17:13-41
24            android:configChanges="orientation|keyboardHidden|screenSize"
24-->src\main\AndroidManifest.xml:20:13-74
25            android:gravity="center"
25-->src\main\AndroidManifest.xml:18:13-37
26            android:label="@string/app_name" > <!-- アクティビティの再生性を防ぐ -->
26-->src\main\AndroidManifest.xml:19:13-45
27
28            <intent-filter>
28-->src\main\AndroidManifest.xml:22:13-26:29
29                <action android:name="android.intent.action.MAIN" />
29-->src\main\AndroidManifest.xml:23:17-69
29-->src\main\AndroidManifest.xml:23:25-66
30
31                <category android:name="android.intent.category.LAUNCHER" />
31-->src\main\AndroidManifest.xml:25:17-77
31-->src\main\AndroidManifest.xml:25:27-74
32            </intent-filter>
33        </activity>
34        <activity
34-->[com.google.android.gms:play-services-base:17.0.0] AndroidManifest.xml:23:9-26:75
35            android:name="com.google.android.gms.common.api.GoogleApiActivity"
35-->[com.google.android.gms:play-services-base:17.0.0] AndroidManifest.xml:24:13-79
36            android:exported="false"
36-->[com.google.android.gms:play-services-base:17.0.0] AndroidManifest.xml:25:13-37
37            android:theme="@android:style/Theme.Translucent.NoTitleBar" />
37-->[com.google.android.gms:play-services-base:17.0.0] AndroidManifest.xml:26:13-72
38
39        <meta-data
39-->[com.google.android.gms:play-services-basement:17.0.0] AndroidManifest.xml:23:9-25:69
40            android:name="com.google.android.gms.version"
40-->[com.google.android.gms:play-services-basement:17.0.0] AndroidManifest.xml:24:13-58
41            android:value="@integer/google_play_services_version" />
41-->[com.google.android.gms:play-services-basement:17.0.0] AndroidManifest.xml:25:13-66
42    </application>
43
44</manifest>